<?xml version="1.0" encoding="UTF-8"?>
<testsuite xmlns:xsi="http://www.w3.org/2001/XMLSchema-instance" xsi:noNamespaceSchemaLocation="https://maven.apache.org/surefire/maven-surefire-plugin/xsd/surefire-test-report.xsd" name="com.springboot.app.SpringbootFirstAppApplicationTests" time="0.678" tests="1" errors="1" skipped="0" failures="0">
  <properties>
    <property name="java.specification.version" value="17"/>
    <property name="sun.jnu.encoding" value="UTF-8"/>
    <property name="java.class.path" value="/home/edga/Documents/Dev/Java/SpringBoot/Try/animall/target/test-classes:/home/edga/Documents/Dev/Java/SpringBoot/Try/animall/target/classes:/home/edga/.m2/repository/org/springframework/boot/spring-boot-starter-web/2.4.1/spring-boot-starter-web-2.4.1.jar:/home/edga/.m2/repository/org/springframework/boot/spring-boot-starter/2.4.1/spring-boot-starter-2.4.1.jar:/home/edga/.m2/repository/org/springframework/boot/spring-boot-starter-logging/2.4.1/spring-boot-starter-logging-2.4.1.jar:/home/edga/.m2/repository/ch/qos/logback/logback-classic/1.2.3/logback-classic-1.2.3.jar:/home/edga/.m2/repository/ch/qos/logback/logback-core/1.2.3/logback-core-1.2.3.jar:/home/edga/.m2/repository/org/apache/logging/log4j/log4j-to-slf4j/2.13.3/log4j-to-slf4j-2.13.3.jar:/home/edga/.m2/repository/org/apache/logging/log4j/log4j-api/2.13.3/log4j-api-2.13.3.jar:/home/edga/.m2/repository/org/slf4j/jul-to-slf4j/1.7.30/jul-to-slf4j-1.7.30.jar:/home/edga/.m2/repository/jakarta/annotation/jakarta.annotation-api/1.3.5/jakarta.annotation-api-1.3.5.jar:/home/edga/.m2/repository/org/yaml/snakeyaml/1.27/snakeyaml-1.27.jar:/home/edga/.m2/repository/org/springframework/boot/spring-boot-starter-json/2.4.1/spring-boot-starter-json-2.4.1.jar:/home/edga/.m2/repository/com/fasterxml/jackson/core/jackson-databind/2.11.3/jackson-databind-2.11.3.jar:/home/edga/.m2/repository/com/fasterxml/jackson/datatype/jackson-datatype-jdk8/2.11.3/jackson-datatype-jdk8-2.11.3.jar:/home/edga/.m2/repository/com/fasterxml/jackson/datatype/jackson-datatype-jsr310/2.11.3/jackson-datatype-jsr310-2.11.3.jar:/home/edga/.m2/repository/com/fasterxml/jackson/module/jackson-module-parameter-names/2.11.3/jackson-module-parameter-names-2.11.3.jar:/home/edga/.m2/repository/org/springframework/boot/spring-boot-starter-tomcat/2.4.1/spring-boot-starter-tomcat-2.4.1.jar:/home/edga/.m2/repository/org/apache/tomcat/embed/tomcat-embed-core/9.0.41/tomcat-embed-core-9.0.41.jar:/home/edga/.m2/repository/org/glassfish/jakarta.el/3.0.3/jakarta.el-3.0.3.jar:/home/edga/.m2/repository/org/apache/tomcat/embed/tomcat-embed-websocket/9.0.41/tomcat-embed-websocket-9.0.41.jar:/home/edga/.m2/repository/org/springframework/spring-web/5.3.2/spring-web-5.3.2.jar:/home/edga/.m2/repository/org/springframework/spring-beans/5.3.2/spring-beans-5.3.2.jar:/home/edga/.m2/repository/org/springframework/spring-webmvc/5.3.2/spring-webmvc-5.3.2.jar:/home/edga/.m2/repository/org/springframework/spring-context/5.3.2/spring-context-5.3.2.jar:/home/edga/.m2/repository/org/springframework/spring-expression/5.3.2/spring-expression-5.3.2.jar:/home/edga/.m2/repository/org/springframework/boot/spring-boot-devtools/2.4.1/spring-boot-devtools-2.4.1.jar:/home/edga/.m2/repository/org/springframework/boot/spring-boot/2.4.1/spring-boot-2.4.1.jar:/home/edga/.m2/repository/org/springframework/boot/spring-boot-autoconfigure/2.4.1/spring-boot-autoconfigure-2.4.1.jar:/home/edga/.m2/repository/org/springframework/boot/spring-boot-starter-test/2.4.1/spring-boot-starter-test-2.4.1.jar:/home/edga/.m2/repository/org/springframework/boot/spring-boot-test/2.4.1/spring-boot-test-2.4.1.jar:/home/edga/.m2/repository/org/springframework/boot/spring-boot-test-autoconfigure/2.4.1/spring-boot-test-autoconfigure-2.4.1.jar:/home/edga/.m2/repository/com/jayway/jsonpath/json-path/2.4.0/json-path-2.4.0.jar:/home/edga/.m2/repository/net/minidev/json-smart/2.3/json-smart-2.3.jar:/home/edga/.m2/repository/net/minidev/accessors-smart/1.2/accessors-smart-1.2.jar:/home/edga/.m2/repository/org/ow2/asm/asm/5.0.4/asm-5.0.4.jar:/home/edga/.m2/repository/org/slf4j/slf4j-api/1.7.30/slf4j-api-1.7.30.jar:/home/edga/.m2/repository/jakarta/xml/bind/jakarta.xml.bind-api/2.3.3/jakarta.xml.bind-api-2.3.3.jar:/home/edga/.m2/repository/jakarta/activation/jakarta.activation-api/1.2.2/jakarta.activation-api-1.2.2.jar:/home/edga/.m2/repository/org/assertj/assertj-core/3.18.1/assertj-core-3.18.1.jar:/home/edga/.m2/repository/org/hamcrest/hamcrest/2.2/hamcrest-2.2.jar:/home/edga/.m2/repository/org/junit/jupiter/junit-jupiter/5.7.0/junit-jupiter-5.7.0.jar:/home/edga/.m2/repository/org/junit/jupiter/junit-jupiter-api/5.7.0/junit-jupiter-api-5.7.0.jar:/home/edga/.m2/repository/org/apiguardian/apiguardian-api/1.1.0/apiguardian-api-1.1.0.jar:/home/edga/.m2/repository/org/opentest4j/opentest4j/1.2.0/opentest4j-1.2.0.jar:/home/edga/.m2/repository/org/junit/platform/junit-platform-commons/1.7.0/junit-platform-commons-1.7.0.jar:/home/edga/.m2/repository/org/junit/jupiter/junit-jupiter-params/5.7.0/junit-jupiter-params-5.7.0.jar:/home/edga/.m2/repository/org/junit/jupiter/junit-jupiter-engine/5.7.0/junit-jupiter-engine-5.7.0.jar:/home/edga/.m2/repository/org/junit/platform/junit-platform-engine/1.7.0/junit-platform-engine-1.7.0.jar:/home/edga/.m2/repository/org/mockito/mockito-core/3.6.28/mockito-core-3.6.28.jar:/home/edga/.m2/repository/net/bytebuddy/byte-buddy/1.10.18/byte-buddy-1.10.18.jar:/home/edga/.m2/repository/net/bytebuddy/byte-buddy-agent/1.10.18/byte-buddy-agent-1.10.18.jar:/home/edga/.m2/repository/org/objenesis/objenesis/3.1/objenesis-3.1.jar:/home/edga/.m2/repository/org/mockito/mockito-junit-jupiter/3.6.28/mockito-junit-jupiter-3.6.28.jar:/home/edga/.m2/repository/org/skyscreamer/jsonassert/1.5.0/jsonassert-1.5.0.jar:/home/edga/.m2/repository/com/vaadin/external/google/android-json/0.0.20131108.vaadin1/android-json-0.0.20131108.vaadin1.jar:/home/edga/.m2/repository/org/springframework/spring-core/5.3.2/spring-core-5.3.2.jar:/home/edga/.m2/repository/org/springframework/spring-jcl/5.3.2/spring-jcl-5.3.2.jar:/home/edga/.m2/repository/org/springframework/spring-test/5.3.2/spring-test-5.3.2.jar:/home/edga/.m2/repository/org/xmlunit/xmlunit-core/2.7.0/xmlunit-core-2.7.0.jar:/home/edga/.m2/repository/javax/persistence/javax.persistence-api/2.2/javax.persistence-api-2.2.jar:/home/edga/.m2/repository/org/modelmapper/modelmapper/3.1.0/modelmapper-3.1.0.jar:/home/edga/.m2/repository/org/projectlombok/lombok/1.18.24/lombok-1.18.24.jar:/home/edga/.m2/repository/com/borjaglez/springify-repository/0.3.3/springify-repository-0.3.3.jar:/home/edga/.m2/repository/com/borjaglez/springify-core/0.3.3/springify-core-0.3.3.jar:/home/edga/.m2/repository/com/google/code/gson/gson/2.8.6/gson-2.8.6.jar:/home/edga/.m2/repository/io/springfox/springfox-swagger-ui/3.0.0/springfox-swagger-ui-3.0.0.jar:/home/edga/.m2/repository/io/springfox/springfox-spring-webmvc/3.0.0/springfox-spring-webmvc-3.0.0.jar:/home/edga/.m2/repository/io/springfox/springfox-spi/3.0.0/springfox-spi-3.0.0.jar:/home/edga/.m2/repository/io/springfox/springfox-schema/3.0.0/springfox-schema-3.0.0.jar:/home/edga/.m2/repository/io/springfox/springfox-core/3.0.0/springfox-core-3.0.0.jar:/home/edga/.m2/repository/io/springfox/springfox-spring-web/3.0.0/springfox-spring-web-3.0.0.jar:/home/edga/.m2/repository/com/fasterxml/classmate/1.5.1/classmate-1.5.1.jar:/home/edga/.m2/repository/org/springframework/plugin/spring-plugin-core/2.0.0.RELEASE/spring-plugin-core-2.0.0.RELEASE.jar:/home/edga/.m2/repository/org/springframework/plugin/spring-plugin-metadata/2.0.0.RELEASE/spring-plugin-metadata-2.0.0.RELEASE.jar:/home/edga/.m2/repository/org/mariadb/jdbc/mariadb-java-client/3.0.6/mariadb-java-client-3.0.6.jar:/home/edga/.m2/repository/org/springdoc/springdoc-openapi-ui/1.6.9/springdoc-openapi-ui-1.6.9.jar:/home/edga/.m2/repository/org/springdoc/springdoc-openapi-webmvc-core/1.6.9/springdoc-openapi-webmvc-core-1.6.9.jar:/home/edga/.m2/repository/org/webjars/swagger-ui/4.11.1/swagger-ui-4.11.1.jar:/home/edga/.m2/repository/org/webjars/webjars-locator-core/0.46/webjars-locator-core-0.46.jar:/home/edga/.m2/repository/com/fasterxml/jackson/core/jackson-core/2.11.3/jackson-core-2.11.3.jar:/home/edga/.m2/repository/io/github/classgraph/classgraph/4.8.147/classgraph-4.8.147.jar:/home/edga/.m2/repository/org/springframework/boot/spring-boot-starter-security/2.4.1/spring-boot-starter-security-2.4.1.jar:/home/edga/.m2/repository/org/springframework/spring-aop/5.3.2/spring-aop-5.3.2.jar:/home/edga/.m2/repository/org/springframework/security/spring-security-config/5.4.2/spring-security-config-5.4.2.jar:/home/edga/.m2/repository/org/springframework/security/spring-security-web/5.4.2/spring-security-web-5.4.2.jar:/home/edga/.m2/repository/io/swagger/core/v3/swagger-annotations/2.2.1/swagger-annotations-2.2.1.jar:/home/edga/.m2/repository/io/jsonwebtoken/jjwt-api/0.11.5/jjwt-api-0.11.5.jar:/home/edga/.m2/repository/org/springdoc/springdoc-openapi-data-rest/1.6.9/springdoc-openapi-data-rest-1.6.9.jar:/home/edga/.m2/repository/org/springdoc/springdoc-openapi-hateoas/1.6.9/springdoc-openapi-hateoas-1.6.9.jar:/home/edga/.m2/repository/org/springframework/hateoas/spring-hateoas/1.2.2/spring-hateoas-1.2.2.jar:/home/edga/.m2/repository/org/springframework/data/spring-data-rest-core/3.4.2/spring-data-rest-core-3.4.2.jar:/home/edga/.m2/repository/org/springframework/spring-tx/5.3.2/spring-tx-5.3.2.jar:/home/edga/.m2/repository/org/springframework/data/spring-data-commons/2.4.2/spring-data-commons-2.4.2.jar:/home/edga/.m2/repository/org/atteo/evo-inflector/1.2.2/evo-inflector-1.2.2.jar:/home/edga/.m2/repository/com/fasterxml/jackson/core/jackson-annotations/2.11.3/jackson-annotations-2.11.3.jar:/home/edga/.m2/repository/org/springdoc/springdoc-openapi-security/1.6.9/springdoc-openapi-security-1.6.9.jar:/home/edga/.m2/repository/org/springdoc/springdoc-openapi-common/1.6.9/springdoc-openapi-common-1.6.9.jar:/home/edga/.m2/repository/io/swagger/core/v3/swagger-core/2.2.0/swagger-core-2.2.0.jar:/home/edga/.m2/repository/org/apache/commons/commons-lang3/3.11/commons-lang3-3.11.jar:/home/edga/.m2/repository/com/fasterxml/jackson/dataformat/jackson-dataformat-yaml/2.11.3/jackson-dataformat-yaml-2.11.3.jar:/home/edga/.m2/repository/io/swagger/core/v3/swagger-models/2.2.0/swagger-models-2.2.0.jar:/home/edga/.m2/repository/jakarta/validation/jakarta.validation-api/2.0.2/jakarta.validation-api-2.0.2.jar:/home/edga/.m2/repository/org/springframework/security/spring-security-core/5.4.2/spring-security-core-5.4.2.jar:/home/edga/.m2/repository/org/springframework/boot/spring-boot-starter-data-jpa/2.4.1/spring-boot-starter-data-jpa-2.4.1.jar:/home/edga/.m2/repository/org/springframework/boot/spring-boot-starter-aop/2.4.1/spring-boot-starter-aop-2.4.1.jar:/home/edga/.m2/repository/org/aspectj/aspectjweaver/1.9.6/aspectjweaver-1.9.6.jar:/home/edga/.m2/repository/org/springframework/boot/spring-boot-starter-jdbc/2.4.1/spring-boot-starter-jdbc-2.4.1.jar:/home/edga/.m2/repository/com/zaxxer/HikariCP/3.4.5/HikariCP-3.4.5.jar:/home/edga/.m2/repository/org/springframework/spring-jdbc/5.3.2/spring-jdbc-5.3.2.jar:/home/edga/.m2/repository/jakarta/transaction/jakarta.transaction-api/1.3.3/jakarta.transaction-api-1.3.3.jar:/home/edga/.m2/repository/jakarta/persistence/jakarta.persistence-api/2.2.3/jakarta.persistence-api-2.2.3.jar:/home/edga/.m2/repository/org/hibernate/hibernate-core/5.4.25.Final/hibernate-core-5.4.25.Final.jar:/home/edga/.m2/repository/org/jboss/logging/jboss-logging/3.4.1.Final/jboss-logging-3.4.1.Final.jar:/home/edga/.m2/repository/org/javassist/javassist/3.27.0-GA/javassist-3.27.0-GA.jar:/home/edga/.m2/repository/antlr/antlr/2.7.7/antlr-2.7.7.jar:/home/edga/.m2/repository/org/jboss/jandex/2.1.3.Final/jandex-2.1.3.Final.jar:/home/edga/.m2/repository/org/dom4j/dom4j/2.1.3/dom4j-2.1.3.jar:/home/edga/.m2/repository/org/hibernate/common/hibernate-commons-annotations/5.1.2.Final/hibernate-commons-annotations-5.1.2.Final.jar:/home/edga/.m2/repository/org/glassfish/jaxb/jaxb-runtime/2.3.3/jaxb-runtime-2.3.3.jar:/home/edga/.m2/repository/org/glassfish/jaxb/txw2/2.3.3/txw2-2.3.3.jar:/home/edga/.m2/repository/com/sun/istack/istack-commons-runtime/3.0.11/istack-commons-runtime-3.0.11.jar:/home/edga/.m2/repository/com/sun/activation/jakarta.activation/1.2.2/jakarta.activation-1.2.2.jar:/home/edga/.m2/repository/org/springframework/data/spring-data-jpa/2.4.2/spring-data-jpa-2.4.2.jar:/home/edga/.m2/repository/org/springframework/spring-orm/5.3.2/spring-orm-5.3.2.jar:/home/edga/.m2/repository/org/springframework/spring-aspects/5.3.2/spring-aspects-5.3.2.jar:"/>
    <property name="java.vm.vendor" value="Oracle Corporation"/>
    <property name="sun.arch.data.model" value="64"/>
    <property name="java.vendor.url" value="https://java.oracle.com/"/>
    <property name="os.name" value="Linux"/>
    <property name="java.vm.specification.version" value="17"/>
    <property name="sun.java.launcher" value="SUN_STANDARD"/>
    <property name="user.country" value="US"/>
    <property name="sun.boot.library.path" value="/usr/local/java/jdk-17/lib"/>
    <property name="sun.java.command" value="/home/edga/Documents/Dev/Java/SpringBoot/Try/animall/target/surefire/surefirebooter4622777626258444780.jar /home/edga/Documents/Dev/Java/SpringBoot/Try/animall/target/surefire 2022-08-22T11-18-32_849-jvmRun1 surefire8052672698565254550tmp surefire_013424411165586111727tmp"/>
    <property name="jdk.debug" value="release"/>
    <property name="surefire.test.class.path" value="/home/edga/Documents/Dev/Java/SpringBoot/Try/animall/target/test-classes:/home/edga/Documents/Dev/Java/SpringBoot/Try/animall/target/classes:/home/edga/.m2/repository/org/springframework/boot/spring-boot-starter-web/2.4.1/spring-boot-starter-web-2.4.1.jar:/home/edga/.m2/repository/org/springframework/boot/spring-boot-starter/2.4.1/spring-boot-starter-2.4.1.jar:/home/edga/.m2/repository/org/springframework/boot/spring-boot-starter-logging/2.4.1/spring-boot-starter-logging-2.4.1.jar:/home/edga/.m2/repository/ch/qos/logback/logback-classic/1.2.3/logback-classic-1.2.3.jar:/home/edga/.m2/repository/ch/qos/logback/logback-core/1.2.3/logback-core-1.2.3.jar:/home/edga/.m2/repository/org/apache/logging/log4j/log4j-to-slf4j/2.13.3/log4j-to-slf4j-2.13.3.jar:/home/edga/.m2/repository/org/apache/logging/log4j/log4j-api/2.13.3/log4j-api-2.13.3.jar:/home/edga/.m2/repository/org/slf4j/jul-to-slf4j/1.7.30/jul-to-slf4j-1.7.30.jar:/home/edga/.m2/repository/jakarta/annotation/jakarta.annotation-api/1.3.5/jakarta.annotation-api-1.3.5.jar:/home/edga/.m2/repository/org/yaml/snakeyaml/1.27/snakeyaml-1.27.jar:/home/edga/.m2/repository/org/springframework/boot/spring-boot-starter-json/2.4.1/spring-boot-starter-json-2.4.1.jar:/home/edga/.m2/repository/com/fasterxml/jackson/core/jackson-databind/2.11.3/jackson-databind-2.11.3.jar:/home/edga/.m2/repository/com/fasterxml/jackson/datatype/jackson-datatype-jdk8/2.11.3/jackson-datatype-jdk8-2.11.3.jar:/home/edga/.m2/repository/com/fasterxml/jackson/datatype/jackson-datatype-jsr310/2.11.3/jackson-datatype-jsr310-2.11.3.jar:/home/edga/.m2/repository/com/fasterxml/jackson/module/jackson-module-parameter-names/2.11.3/jackson-module-parameter-names-2.11.3.jar:/home/edga/.m2/repository/org/springframework/boot/spring-boot-starter-tomcat/2.4.1/spring-boot-starter-tomcat-2.4.1.jar:/home/edga/.m2/repository/org/apache/tomcat/embed/tomcat-embed-core/9.0.41/tomcat-embed-core-9.0.41.jar:/home/edga/.m2/repository/org/glassfish/jakarta.el/3.0.3/jakarta.el-3.0.3.jar:/home/edga/.m2/repository/org/apache/tomcat/embed/tomcat-embed-websocket/9.0.41/tomcat-embed-websocket-9.0.41.jar:/home/edga/.m2/repository/org/springframework/spring-web/5.3.2/spring-web-5.3.2.jar:/home/edga/.m2/repository/org/springframework/spring-beans/5.3.2/spring-beans-5.3.2.jar:/home/edga/.m2/repository/org/springframework/spring-webmvc/5.3.2/spring-webmvc-5.3.2.jar:/home/edga/.m2/repository/org/springframework/spring-context/5.3.2/spring-context-5.3.2.jar:/home/edga/.m2/repository/org/springframework/spring-expression/5.3.2/spring-expression-5.3.2.jar:/home/edga/.m2/repository/org/springframework/boot/spring-boot-devtools/2.4.1/spring-boot-devtools-2.4.1.jar:/home/edga/.m2/repository/org/springframework/boot/spring-boot/2.4.1/spring-boot-2.4.1.jar:/home/edga/.m2/repository/org/springframework/boot/spring-boot-autoconfigure/2.4.1/spring-boot-autoconfigure-2.4.1.jar:/home/edga/.m2/repository/org/springframework/boot/spring-boot-starter-test/2.4.1/spring-boot-starter-test-2.4.1.jar:/home/edga/.m2/repository/org/springframework/boot/spring-boot-test/2.4.1/spring-boot-test-2.4.1.jar:/home/edga/.m2/repository/org/springframework/boot/spring-boot-test-autoconfigure/2.4.1/spring-boot-test-autoconfigure-2.4.1.jar:/home/edga/.m2/repository/com/jayway/jsonpath/json-path/2.4.0/json-path-2.4.0.jar:/home/edga/.m2/repository/net/minidev/json-smart/2.3/json-smart-2.3.jar:/home/edga/.m2/repository/net/minidev/accessors-smart/1.2/accessors-smart-1.2.jar:/home/edga/.m2/repository/org/ow2/asm/asm/5.0.4/asm-5.0.4.jar:/home/edga/.m2/repository/org/slf4j/slf4j-api/1.7.30/slf4j-api-1.7.30.jar:/home/edga/.m2/repository/jakarta/xml/bind/jakarta.xml.bind-api/2.3.3/jakarta.xml.bind-api-2.3.3.jar:/home/edga/.m2/repository/jakarta/activation/jakarta.activation-api/1.2.2/jakarta.activation-api-1.2.2.jar:/home/edga/.m2/repository/org/assertj/assertj-core/3.18.1/assertj-core-3.18.1.jar:/home/edga/.m2/repository/org/hamcrest/hamcrest/2.2/hamcrest-2.2.jar:/home/edga/.m2/repository/org/junit/jupiter/junit-jupiter/5.7.0/junit-jupiter-5.7.0.jar:/home/edga/.m2/repository/org/junit/jupiter/junit-jupiter-api/5.7.0/junit-jupiter-api-5.7.0.jar:/home/edga/.m2/repository/org/apiguardian/apiguardian-api/1.1.0/apiguardian-api-1.1.0.jar:/home/edga/.m2/repository/org/opentest4j/opentest4j/1.2.0/opentest4j-1.2.0.jar:/home/edga/.m2/repository/org/junit/platform/junit-platform-commons/1.7.0/junit-platform-commons-1.7.0.jar:/home/edga/.m2/repository/org/junit/jupiter/junit-jupiter-params/5.7.0/junit-jupiter-params-5.7.0.jar:/home/edga/.m2/repository/org/junit/jupiter/junit-jupiter-engine/5.7.0/junit-jupiter-engine-5.7.0.jar:/home/edga/.m2/repository/org/junit/platform/junit-platform-engine/1.7.0/junit-platform-engine-1.7.0.jar:/home/edga/.m2/repository/org/mockito/mockito-core/3.6.28/mockito-core-3.6.28.jar:/home/edga/.m2/repository/net/bytebuddy/byte-buddy/1.10.18/byte-buddy-1.10.18.jar:/home/edga/.m2/repository/net/bytebuddy/byte-buddy-agent/1.10.18/byte-buddy-agent-1.10.18.jar:/home/edga/.m2/repository/org/objenesis/objenesis/3.1/objenesis-3.1.jar:/home/edga/.m2/repository/org/mockito/mockito-junit-jupiter/3.6.28/mockito-junit-jupiter-3.6.28.jar:/home/edga/.m2/repository/org/skyscreamer/jsonassert/1.5.0/jsonassert-1.5.0.jar:/home/edga/.m2/repository/com/vaadin/external/google/android-json/0.0.20131108.vaadin1/android-json-0.0.20131108.vaadin1.jar:/home/edga/.m2/repository/org/springframework/spring-core/5.3.2/spring-core-5.3.2.jar:/home/edga/.m2/repository/org/springframework/spring-jcl/5.3.2/spring-jcl-5.3.2.jar:/home/edga/.m2/repository/org/springframework/spring-test/5.3.2/spring-test-5.3.2.jar:/home/edga/.m2/repository/org/xmlunit/xmlunit-core/2.7.0/xmlunit-core-2.7.0.jar:/home/edga/.m2/repository/javax/persistence/javax.persistence-api/2.2/javax.persistence-api-2.2.jar:/home/edga/.m2/repository/org/modelmapper/modelmapper/3.1.0/modelmapper-3.1.0.jar:/home/edga/.m2/repository/org/projectlombok/lombok/1.18.24/lombok-1.18.24.jar:/home/edga/.m2/repository/com/borjaglez/springify-repository/0.3.3/springify-repository-0.3.3.jar:/home/edga/.m2/repository/com/borjaglez/springify-core/0.3.3/springify-core-0.3.3.jar:/home/edga/.m2/repository/com/google/code/gson/gson/2.8.6/gson-2.8.6.jar:/home/edga/.m2/repository/io/springfox/springfox-swagger-ui/3.0.0/springfox-swagger-ui-3.0.0.jar:/home/edga/.m2/repository/io/springfox/springfox-spring-webmvc/3.0.0/springfox-spring-webmvc-3.0.0.jar:/home/edga/.m2/repository/io/springfox/springfox-spi/3.0.0/springfox-spi-3.0.0.jar:/home/edga/.m2/repository/io/springfox/springfox-schema/3.0.0/springfox-schema-3.0.0.jar:/home/edga/.m2/repository/io/springfox/springfox-core/3.0.0/springfox-core-3.0.0.jar:/home/edga/.m2/repository/io/springfox/springfox-spring-web/3.0.0/springfox-spring-web-3.0.0.jar:/home/edga/.m2/repository/com/fasterxml/classmate/1.5.1/classmate-1.5.1.jar:/home/edga/.m2/repository/org/springframework/plugin/spring-plugin-core/2.0.0.RELEASE/spring-plugin-core-2.0.0.RELEASE.jar:/home/edga/.m2/repository/org/springframework/plugin/spring-plugin-metadata/2.0.0.RELEASE/spring-plugin-metadata-2.0.0.RELEASE.jar:/home/edga/.m2/repository/org/mariadb/jdbc/mariadb-java-client/3.0.6/mariadb-java-client-3.0.6.jar:/home/edga/.m2/repository/org/springdoc/springdoc-openapi-ui/1.6.9/springdoc-openapi-ui-1.6.9.jar:/home/edga/.m2/repository/org/springdoc/springdoc-openapi-webmvc-core/1.6.9/springdoc-openapi-webmvc-core-1.6.9.jar:/home/edga/.m2/repository/org/webjars/swagger-ui/4.11.1/swagger-ui-4.11.1.jar:/home/edga/.m2/repository/org/webjars/webjars-locator-core/0.46/webjars-locator-core-0.46.jar:/home/edga/.m2/repository/com/fasterxml/jackson/core/jackson-core/2.11.3/jackson-core-2.11.3.jar:/home/edga/.m2/repository/io/github/classgraph/classgraph/4.8.147/classgraph-4.8.147.jar:/home/edga/.m2/repository/org/springframework/boot/spring-boot-starter-security/2.4.1/spring-boot-starter-security-2.4.1.jar:/home/edga/.m2/repository/org/springframework/spring-aop/5.3.2/spring-aop-5.3.2.jar:/home/edga/.m2/repository/org/springframework/security/spring-security-config/5.4.2/spring-security-config-5.4.2.jar:/home/edga/.m2/repository/org/springframework/security/spring-security-web/5.4.2/spring-security-web-5.4.2.jar:/home/edga/.m2/repository/io/swagger/core/v3/swagger-annotations/2.2.1/swagger-annotations-2.2.1.jar:/home/edga/.m2/repository/io/jsonwebtoken/jjwt-api/0.11.5/jjwt-api-0.11.5.jar:/home/edga/.m2/repository/org/springdoc/springdoc-openapi-data-rest/1.6.9/springdoc-openapi-data-rest-1.6.9.jar:/home/edga/.m2/repository/org/springdoc/springdoc-openapi-hateoas/1.6.9/springdoc-openapi-hateoas-1.6.9.jar:/home/edga/.m2/repository/org/springframework/hateoas/spring-hateoas/1.2.2/spring-hateoas-1.2.2.jar:/home/edga/.m2/repository/org/springframework/data/spring-data-rest-core/3.4.2/spring-data-rest-core-3.4.2.jar:/home/edga/.m2/repository/org/springframework/spring-tx/5.3.2/spring-tx-5.3.2.jar:/home/edga/.m2/repository/org/springframework/data/spring-data-commons/2.4.2/spring-data-commons-2.4.2.jar:/home/edga/.m2/repository/org/atteo/evo-inflector/1.2.2/evo-inflector-1.2.2.jar:/home/edga/.m2/repository/com/fasterxml/jackson/core/jackson-annotations/2.11.3/jackson-annotations-2.11.3.jar:/home/edga/.m2/repository/org/springdoc/springdoc-openapi-security/1.6.9/springdoc-openapi-security-1.6.9.jar:/home/edga/.m2/repository/org/springdoc/springdoc-openapi-common/1.6.9/springdoc-openapi-common-1.6.9.jar:/home/edga/.m2/repository/io/swagger/core/v3/swagger-core/2.2.0/swagger-core-2.2.0.jar:/home/edga/.m2/repository/org/apache/commons/commons-lang3/3.11/commons-lang3-3.11.jar:/home/edga/.m2/repository/com/fasterxml/jackson/dataformat/jackson-dataformat-yaml/2.11.3/jackson-dataformat-yaml-2.11.3.jar:/home/edga/.m2/repository/io/swagger/core/v3/swagger-models/2.2.0/swagger-models-2.2.0.jar:/home/edga/.m2/repository/jakarta/validation/jakarta.validation-api/2.0.2/jakarta.validation-api-2.0.2.jar:/home/edga/.m2/repository/org/springframework/security/spring-security-core/5.4.2/spring-security-core-5.4.2.jar:/home/edga/.m2/repository/org/springframework/boot/spring-boot-starter-data-jpa/2.4.1/spring-boot-starter-data-jpa-2.4.1.jar:/home/edga/.m2/repository/org/springframework/boot/spring-boot-starter-aop/2.4.1/spring-boot-starter-aop-2.4.1.jar:/home/edga/.m2/repository/org/aspectj/aspectjweaver/1.9.6/aspectjweaver-1.9.6.jar:/home/edga/.m2/repository/org/springframework/boot/spring-boot-starter-jdbc/2.4.1/spring-boot-starter-jdbc-2.4.1.jar:/home/edga/.m2/repository/com/zaxxer/HikariCP/3.4.5/HikariCP-3.4.5.jar:/home/edga/.m2/repository/org/springframework/spring-jdbc/5.3.2/spring-jdbc-5.3.2.jar:/home/edga/.m2/repository/jakarta/transaction/jakarta.transaction-api/1.3.3/jakarta.transaction-api-1.3.3.jar:/home/edga/.m2/repository/jakarta/persistence/jakarta.persistence-api/2.2.3/jakarta.persistence-api-2.2.3.jar:/home/edga/.m2/repository/org/hibernate/hibernate-core/5.4.25.Final/hibernate-core-5.4.25.Final.jar:/home/edga/.m2/repository/org/jboss/logging/jboss-logging/3.4.1.Final/jboss-logging-3.4.1.Final.jar:/home/edga/.m2/repository/org/javassist/javassist/3.27.0-GA/javassist-3.27.0-GA.jar:/home/edga/.m2/repository/antlr/antlr/2.7.7/antlr-2.7.7.jar:/home/edga/.m2/repository/org/jboss/jandex/2.1.3.Final/jandex-2.1.3.Final.jar:/home/edga/.m2/repository/org/dom4j/dom4j/2.1.3/dom4j-2.1.3.jar:/home/edga/.m2/repository/org/hibernate/common/hibernate-commons-annotations/5.1.2.Final/hibernate-commons-annotations-5.1.2.Final.jar:/home/edga/.m2/repository/org/glassfish/jaxb/jaxb-runtime/2.3.3/jaxb-runtime-2.3.3.jar:/home/edga/.m2/repository/org/glassfish/jaxb/txw2/2.3.3/txw2-2.3.3.jar:/home/edga/.m2/repository/com/sun/istack/istack-commons-runtime/3.0.11/istack-commons-runtime-3.0.11.jar:/home/edga/.m2/repository/com/sun/activation/jakarta.activation/1.2.2/jakarta.activation-1.2.2.jar:/home/edga/.m2/repository/org/springframework/data/spring-data-jpa/2.4.2/spring-data-jpa-2.4.2.jar:/home/edga/.m2/repository/org/springframework/spring-orm/5.3.2/spring-orm-5.3.2.jar:/home/edga/.m2/repository/org/springframework/spring-aspects/5.3.2/spring-aspects-5.3.2.jar:"/>
    <property name="sun.cpu.endian" value="little"/>
    <property name="user.home" value="/home/edga"/>
    <property name="user.language" value="en"/>
    <property name="java.specification.vendor" value="Oracle Corporation"/>
    <property name="java.version.date" value="2021-09-14"/>
    <property name="java.home" value="/usr/local/java/jdk-17"/>
    <property name="file.separator" value="/"/>
    <property name="basedir" value="/home/edga/Documents/Dev/Java/SpringBoot/Try/animall"/>
    <property name="java.vm.compressedOopsMode" value="32-bit"/>
    <property name="line.separator" value="&#10;"/>
    <property name="java.vm.specification.vendor" value="Oracle Corporation"/>
    <property name="java.specification.name" value="Java Platform API Specification"/>
    <property name="surefire.real.class.path" value="/home/edga/Documents/Dev/Java/SpringBoot/Try/animall/target/surefire/surefirebooter4622777626258444780.jar"/>
    <property name="sun.management.compiler" value="HotSpot 64-Bit Tiered Compilers"/>
    <property name="java.runtime.version" value="17+35-LTS-2724"/>
    <property name="user.name" value="edga"/>
    <property name="path.separator" value=":"/>
    <property name="os.version" value="5.17.12-100.fc34.x86_64"/>
    <property name="java.runtime.name" value="Java(TM) SE Runtime Environment"/>
    <property name="file.encoding" value="UTF-8"/>
    <property name="java.vm.name" value="Java HotSpot(TM) 64-Bit Server VM"/>
    <property name="localRepository" value="/home/edga/.m2/repository"/>
    <property name="java.vendor.url.bug" value="https://bugreport.java.com/bugreport/"/>
    <property name="java.io.tmpdir" value="/tmp"/>
    <property name="java.version" value="17"/>
    <property name="user.dir" value="/home/edga/Documents/Dev/Java/SpringBoot/Try/animall"/>
    <property name="os.arch" value="amd64"/>
    <property name="java.vm.specification.name" value="Java Virtual Machine Specification"/>
    <property name="native.encoding" value="UTF-8"/>
    <property name="java.library.path" value="/usr/java/packages/lib:/usr/lib64:/lib64:/lib:/usr/lib"/>
    <property name="java.vm.info" value="mixed mode, sharing"/>
    <property name="java.vendor" value="Oracle Corporation"/>
    <property name="java.vm.version" value="17+35-LTS-2724"/>
    <property name="sun.io.unicode.encoding" value="UnicodeLittle"/>
    <property name="java.class.version" value="61.0"/>
  </properties>
  <testcase name="com.springboot.app.SpringbootFirstAppApplicationTests" classname="com.springboot.app.SpringbootFirstAppApplicationTests" time="0.675">
    <error message="Failed to read candidate component class: file [/home/edga/Documents/Dev/Java/SpringBoot/Try/animall/target/test-classes/com/springboot/app/SpringbootFirstAppApplicationTests.class]; nested exception is org.springframework.core.NestedIOException: ASM ClassReader failed to parse class file - probably due to a new Java class file version that isn&apos;t supported yet: file [/home/edga/Documents/Dev/Java/SpringBoot/Try/animall/target/test-classes/com/springboot/app/SpringbootFirstAppApplicationTests.class]; nested exception is java.lang.IllegalArgumentException: Unsupported class file major version 61" type="org.springframework.beans.factory.BeanDefinitionStoreException">org.springframework.beans.factory.BeanDefinitionStoreException: Failed to read candidate component class: file [/home/edga/Documents/Dev/Java/SpringBoot/Try/animall/target/test-classes/com/springboot/app/SpringbootFirstAppApplicationTests.class]; nested exception is org.springframework.core.NestedIOException: ASM ClassReader failed to parse class file - probably due to a new Java class file version that isn't supported yet: file [/home/edga/Documents/Dev/Java/SpringBoot/Try/animall/target/test-classes/com/springboot/app/SpringbootFirstAppApplicationTests.class]; nested exception is java.lang.IllegalArgumentException: Unsupported class file major version 61
Caused by: org.springframework.core.NestedIOException: ASM ClassReader failed to parse class file - probably due to a new Java class file version that isn't supported yet: file [/home/edga/Documents/Dev/Java/SpringBoot/Try/animall/target/test-classes/com/springboot/app/SpringbootFirstAppApplicationTests.class]; nested exception is java.lang.IllegalArgumentException: Unsupported class file major version 61
Caused by: java.lang.IllegalArgumentException: Unsupported class file major version 61
</error>
    <system-out><![CDATA[11:18:38.109 [main] DEBUG org.springframework.test.context.BootstrapUtils - Instantiating CacheAwareContextLoaderDelegate from class [org.springframework.test.context.cache.DefaultCacheAwareContextLoaderDelegate]
11:18:38.130 [main] DEBUG org.springframework.test.context.BootstrapUtils - Instantiating BootstrapContext using constructor [public org.springframework.test.context.support.DefaultBootstrapContext(java.lang.Class,org.springframework.test.context.CacheAwareContextLoaderDelegate)]
11:18:38.247 [main] DEBUG org.springframework.test.context.BootstrapUtils - Instantiating TestContextBootstrapper for test class [com.springboot.app.SpringbootFirstAppApplicationTests] from class [org.springframework.boot.test.context.SpringBootTestContextBootstrapper]
11:18:38.292 [main] INFO org.springframework.boot.test.context.SpringBootTestContextBootstrapper - Neither @ContextConfiguration nor @ContextHierarchy found for test class [com.springboot.app.SpringbootFirstAppApplicationTests], using SpringBootContextLoader
11:18:38.298 [main] DEBUG org.springframework.test.context.support.AbstractContextLoader - Did not detect default resource location for test class [com.springboot.app.SpringbootFirstAppApplicationTests]: class path resource [com/springboot/app/SpringbootFirstAppApplicationTests-context.xml] does not exist
11:18:38.299 [main] DEBUG org.springframework.test.context.support.AbstractContextLoader - Did not detect default resource location for test class [com.springboot.app.SpringbootFirstAppApplicationTests]: class path resource [com/springboot/app/SpringbootFirstAppApplicationTestsContext.groovy] does not exist
11:18:38.300 [main] INFO org.springframework.test.context.support.AbstractContextLoader - Could not detect default resource locations for test class [com.springboot.app.SpringbootFirstAppApplicationTests]: no resource found for suffixes {-context.xml, Context.groovy}.
11:18:38.301 [main] INFO org.springframework.test.context.support.AnnotationConfigContextLoaderUtils - Could not detect default configuration classes for test class [com.springboot.app.SpringbootFirstAppApplicationTests]: SpringbootFirstAppApplicationTests does not declare any static, non-private, non-final, nested classes annotated with @Configuration.
11:18:38.502 [main] DEBUG org.springframework.test.context.support.ActiveProfilesUtils - Could not find an 'annotation declaring class' for annotation type [org.springframework.test.context.ActiveProfiles] and class [com.springboot.app.SpringbootFirstAppApplicationTests]
11:18:38.542 [main] DEBUG org.springframework.test.context.BootstrapUtils - Instantiating CacheAwareContextLoaderDelegate from class [org.springframework.test.context.cache.DefaultCacheAwareContextLoaderDelegate]
11:18:38.542 [main] DEBUG org.springframework.test.context.BootstrapUtils - Instantiating BootstrapContext using constructor [public org.springframework.test.context.support.DefaultBootstrapContext(java.lang.Class,org.springframework.test.context.CacheAwareContextLoaderDelegate)]
11:18:38.545 [main] DEBUG org.springframework.test.context.BootstrapUtils - Instantiating TestContextBootstrapper for test class [com.springboot.app.SpringbootFirstAppApplicationTests] from class [org.springframework.boot.test.context.SpringBootTestContextBootstrapper]
11:18:38.547 [main] INFO org.springframework.boot.test.context.SpringBootTestContextBootstrapper - Neither @ContextConfiguration nor @ContextHierarchy found for test class [com.springboot.app.SpringbootFirstAppApplicationTests], using SpringBootContextLoader
11:18:38.548 [main] DEBUG org.springframework.test.context.support.AbstractContextLoader - Did not detect default resource location for test class [com.springboot.app.SpringbootFirstAppApplicationTests]: class path resource [com/springboot/app/SpringbootFirstAppApplicationTests-context.xml] does not exist
11:18:38.549 [main] DEBUG org.springframework.test.context.support.AbstractContextLoader - Did not detect default resource location for test class [com.springboot.app.SpringbootFirstAppApplicationTests]: class path resource [com/springboot/app/SpringbootFirstAppApplicationTestsContext.groovy] does not exist
11:18:38.549 [main] INFO org.springframework.test.context.support.AbstractContextLoader - Could not detect default resource locations for test class [com.springboot.app.SpringbootFirstAppApplicationTests]: no resource found for suffixes {-context.xml, Context.groovy}.
11:18:38.549 [main] INFO org.springframework.test.context.support.AnnotationConfigContextLoaderUtils - Could not detect default configuration classes for test class [com.springboot.app.SpringbootFirstAppApplicationTests]: SpringbootFirstAppApplicationTests does not declare any static, non-private, non-final, nested classes annotated with @Configuration.
11:18:38.554 [main] DEBUG org.springframework.test.context.support.ActiveProfilesUtils - Could not find an 'annotation declaring class' for annotation type [org.springframework.test.context.ActiveProfiles] and class [com.springboot.app.SpringbootFirstAppApplicationTests]
11:18:38.557 [main] DEBUG org.springframework.test.context.BootstrapUtils - Instantiating CacheAwareContextLoaderDelegate from class [org.springframework.test.context.cache.DefaultCacheAwareContextLoaderDelegate]
11:18:38.557 [main] DEBUG org.springframework.test.context.BootstrapUtils - Instantiating BootstrapContext using constructor [public org.springframework.test.context.support.DefaultBootstrapContext(java.lang.Class,org.springframework.test.context.CacheAwareContextLoaderDelegate)]
11:18:38.558 [main] DEBUG org.springframework.test.context.BootstrapUtils - Instantiating TestContextBootstrapper for test class [com.springboot.app.SpringbootFirstAppApplicationTests] from class [org.springframework.boot.test.context.SpringBootTestContextBootstrapper]
11:18:38.560 [main] INFO org.springframework.boot.test.context.SpringBootTestContextBootstrapper - Neither @ContextConfiguration nor @ContextHierarchy found for test class [com.springboot.app.SpringbootFirstAppApplicationTests], using SpringBootContextLoader
11:18:38.561 [main] DEBUG org.springframework.test.context.support.AbstractContextLoader - Did not detect default resource location for test class [com.springboot.app.SpringbootFirstAppApplicationTests]: class path resource [com/springboot/app/SpringbootFirstAppApplicationTests-context.xml] does not exist
11:18:38.562 [main] DEBUG org.springframework.test.context.support.AbstractContextLoader - Did not detect default resource location for test class [com.springboot.app.SpringbootFirstAppApplicationTests]: class path resource [com/springboot/app/SpringbootFirstAppApplicationTestsContext.groovy] does not exist
11:18:38.562 [main] INFO org.springframework.test.context.support.AbstractContextLoader - Could not detect default resource locations for test class [com.springboot.app.SpringbootFirstAppApplicationTests]: no resource found for suffixes {-context.xml, Context.groovy}.
11:18:38.562 [main] INFO org.springframework.test.context.support.AnnotationConfigContextLoaderUtils - Could not detect default configuration classes for test class [com.springboot.app.SpringbootFirstAppApplicationTests]: SpringbootFirstAppApplicationTests does not declare any static, non-private, non-final, nested classes annotated with @Configuration.
11:18:38.568 [main] DEBUG org.springframework.test.context.support.ActiveProfilesUtils - Could not find an 'annotation declaring class' for annotation type [org.springframework.test.context.ActiveProfiles] and class [com.springboot.app.SpringbootFirstAppApplicationTests]
]]></system-out>
  </testcase>
</testsuite>